ARM GAS  /var/folders/cw/k6tfyvgd5zl5rgc2myn0jq5h0000gn/T//ccnZz4cC.s 			page 1


   1              		.cpu cortex-m4
   2              		.arch armv7e-m
   3              		.fpu fpv4-sp-d16
   4              		.eabi_attribute 27, 1
   5              		.eabi_attribute 28, 1
   6              		.eabi_attribute 20, 1
   7              		.eabi_attribute 21, 1
   8              		.eabi_attribute 23, 3
   9              		.eabi_attribute 24, 1
  10              		.eabi_attribute 25, 1
  11              		.eabi_attribute 26, 1
  12              		.eabi_attribute 30, 1
  13              		.eabi_attribute 34, 1
  14              		.eabi_attribute 18, 4
  15              		.file	"main.c"
  16              		.text
  17              	.Ltext0:
  18              		.cfi_sections	.debug_frame
  19              		.file 1 "Core/Src/main.c"
  20              		.section	.text.main,"ax",%progbits
  21              		.align	1
  22              		.global	main
  23              		.syntax unified
  24              		.thumb
  25              		.thumb_func
  27              	main:
  28              	.LFB130:
   1:Core/Src/main.c **** /* USER CODE BEGIN Header */
   2:Core/Src/main.c **** /**
   3:Core/Src/main.c ****   ******************************************************************************
   4:Core/Src/main.c ****   * @file           : main.c
   5:Core/Src/main.c ****   * @brief          : Main program body
   6:Core/Src/main.c ****   ******************************************************************************
   7:Core/Src/main.c ****   * @attention
   8:Core/Src/main.c ****   *
   9:Core/Src/main.c ****   * Copyright (c) 2024 STMicroelectronics.
  10:Core/Src/main.c ****   * All rights reserved.
  11:Core/Src/main.c ****   *
  12:Core/Src/main.c ****   * This software is licensed under terms that can be found in the LICENSE file
  13:Core/Src/main.c ****   * in the root directory of this software component.
  14:Core/Src/main.c ****   * If no LICENSE file comes with this software, it is provided AS-IS.
  15:Core/Src/main.c ****   *
  16:Core/Src/main.c ****   ******************************************************************************
  17:Core/Src/main.c ****   */
  18:Core/Src/main.c **** /* Includes ------------------------------------------------------------------*/
  19:Core/Src/main.c **** #include "main.h"
  20:Core/Src/main.c **** #include "digital_io.h"
  21:Core/Src/main.c **** 
  22:Core/Src/main.c **** // Main Code:
  23:Core/Src/main.c **** int main(void) {
  29              		.loc 1 23 16 view -0
  30              		.cfi_startproc
  31              		@ Volatile: function does not return.
  32              		@ args = 0, pretend = 0, frame = 0
  33              		@ frame_needed = 0, uses_anonymous_args = 0
  34 0000 08B5     		push	{r3, lr}
  35              	.LCFI0:
ARM GAS  /var/folders/cw/k6tfyvgd5zl5rgc2myn0jq5h0000gn/T//ccnZz4cC.s 			page 2


  36              		.cfi_def_cfa_offset 8
  37              		.cfi_offset 3, -8
  38              		.cfi_offset 14, -4
  24:Core/Src/main.c ****   // Configuration
  25:Core/Src/main.c ****   /* Reset of all peripherals, Initializes the Flash interface and the Systick. */
  26:Core/Src/main.c ****   HAL_Init();
  39              		.loc 1 26 3 view .LVU1
  40 0002 FFF7FEFF 		bl	HAL_Init
  41              	.LVL0:
  42              	.L2:
  27:Core/Src/main.c **** 
  28:Core/Src/main.c ****   /* Configure the system clock */
  29:Core/Src/main.c ****   // SystemClock_Config();
  30:Core/Src/main.c **** 
  31:Core/Src/main.c ****   /* Initialize all configured peripherals */
  32:Core/Src/main.c ****   // MX_GPIO_Init();
  33:Core/Src/main.c ****   // MX_TIM3_Init();
  34:Core/Src/main.c ****   // MX_USART2_UART_Init();
  35:Core/Src/main.c **** 
  36:Core/Src/main.c ****   /* Infinite loop */
  37:Core/Src/main.c ****   while (1){}
  43              		.loc 1 37 3 view .LVU2
  44              		.loc 1 37 13 view .LVU3
  45              		.loc 1 37 9 view .LVU4
  46 0006 FEE7     		b	.L2
  47              		.cfi_endproc
  48              	.LFE130:
  50              		.section	.text.Error_Handler,"ax",%progbits
  51              		.align	1
  52              		.global	Error_Handler
  53              		.syntax unified
  54              		.thumb
  55              		.thumb_func
  57              	Error_Handler:
  58              	.LFB133:
  38:Core/Src/main.c **** }
  39:Core/Src/main.c **** 
  40:Core/Src/main.c ****   /** Initializes the CPU, AHB and APB buses clocks
  41:Core/Src/main.c ****   */
  42:Core/Src/main.c ****   // RCC_ClkInitStruct.ClockType = RCC_CLOCKTYPE_HCLK|RCC_CLOCKTYPE_SYSCLK
  43:Core/Src/main.c ****   //                             |RCC_CLOCKTYPE_PCLK1|RCC_CLOCKTYPE_PCLK2;
  44:Core/Src/main.c ****   // RCC_ClkInitStruct.SYSCLKSource = RCC_SYSCLKSOURCE_PLLCLK;
  45:Core/Src/main.c ****   // RCC_ClkInitStruct.AHBCLKDivider = RCC_SYSCLK_DIV1;
  46:Core/Src/main.c ****   // RCC_ClkInitStruct.APB1CLKDivider = RCC_HCLK_DIV2;
  47:Core/Src/main.c ****   // RCC_ClkInitStruct.APB2CLKDivider = RCC_HCLK_DIV1;
  48:Core/Src/main.c **** 
  49:Core/Src/main.c ****   // if (HAL_RCC_ClockConfig(&RCC_ClkInitStruct, FLASH_LATENCY_2) != HAL_OK)
  50:Core/Src/main.c ****   // {
  51:Core/Src/main.c ****   //   Error_Handler();
  52:Core/Src/main.c ****   // }
  53:Core/Src/main.c **** 
  54:Core/Src/main.c **** /**
  55:Core/Src/main.c ****   * @brief USART2 Initialization Function
  56:Core/Src/main.c ****   * @param None
  57:Core/Src/main.c ****   * @retval None
  58:Core/Src/main.c ****   */
  59:Core/Src/main.c **** static void MX_USART2_UART_Init(void)
ARM GAS  /var/folders/cw/k6tfyvgd5zl5rgc2myn0jq5h0000gn/T//ccnZz4cC.s 			page 3


  60:Core/Src/main.c **** {
  61:Core/Src/main.c **** 
  62:Core/Src/main.c ****   /* USER CODE BEGIN USART2_Init 0 */
  63:Core/Src/main.c **** 
  64:Core/Src/main.c ****   /* USER CODE END USART2_Init 0 */
  65:Core/Src/main.c **** 
  66:Core/Src/main.c ****   /* USER CODE BEGIN USART2_Init 1 */
  67:Core/Src/main.c **** 
  68:Core/Src/main.c ****   /* USER CODE END USART2_Init 1 */
  69:Core/Src/main.c ****   // huart2.Instance = USART2;
  70:Core/Src/main.c ****   // huart2.Init.BaudRate = 115200;
  71:Core/Src/main.c ****   // huart2.Init.WordLength = UART_WORDLENGTH_8B;
  72:Core/Src/main.c ****   // huart2.Init.StopBits = UART_STOPBITS_1;
  73:Core/Src/main.c ****   // huart2.Init.Parity = UART_PARITY_NONE;
  74:Core/Src/main.c ****   // huart2.Init.Mode = UART_MODE_TX_RX;
  75:Core/Src/main.c ****   // huart2.Init.HwFlowCtl = UART_HWCONTROL_NONE;
  76:Core/Src/main.c ****   // huart2.Init.OverSampling = UART_OVERSAMPLING_16;
  77:Core/Src/main.c ****   // if (HAL_UART_Init(&huart2) != HAL_OK)
  78:Core/Src/main.c ****   // {
  79:Core/Src/main.c ****   //   Error_Handler();
  80:Core/Src/main.c ****   // }
  81:Core/Src/main.c ****   /* USER CODE BEGIN USART2_Init 2 */
  82:Core/Src/main.c **** 
  83:Core/Src/main.c ****   /* USER CODE END USART2_Init 2 */
  84:Core/Src/main.c **** 
  85:Core/Src/main.c **** }
  86:Core/Src/main.c **** 
  87:Core/Src/main.c **** /**
  88:Core/Src/main.c ****   * @brief GPIO Initialization Function
  89:Core/Src/main.c ****   * @param None
  90:Core/Src/main.c ****   * @retval None
  91:Core/Src/main.c ****   */
  92:Core/Src/main.c **** static void MX_GPIO_Init(void)
  93:Core/Src/main.c **** {
  94:Core/Src/main.c ****   GPIO_InitTypeDef GPIO_InitStruct = {0};
  95:Core/Src/main.c **** /* USER CODE BEGIN MX_GPIO_Init_1 */
  96:Core/Src/main.c **** /* USER CODE END MX_GPIO_Init_1 */
  97:Core/Src/main.c **** 
  98:Core/Src/main.c ****   /* GPIO Ports Clock Enable */
  99:Core/Src/main.c ****   __HAL_RCC_GPIOC_CLK_ENABLE();
 100:Core/Src/main.c ****   __HAL_RCC_GPIOH_CLK_ENABLE();
 101:Core/Src/main.c ****   __HAL_RCC_GPIOA_CLK_ENABLE();
 102:Core/Src/main.c ****   __HAL_RCC_GPIOB_CLK_ENABLE();
 103:Core/Src/main.c **** 
 104:Core/Src/main.c ****   /*Configure GPIO pin Output Level */
 105:Core/Src/main.c ****   HAL_GPIO_WritePin(LD2_GPIO_Port, LD2_Pin, GPIO_PIN_RESET);
 106:Core/Src/main.c **** 
 107:Core/Src/main.c ****   /*Configure GPIO pin : B1_Pin */
 108:Core/Src/main.c ****   GPIO_InitStruct.Pin = B1_Pin;
 109:Core/Src/main.c ****   GPIO_InitStruct.Mode = GPIO_MODE_IT_FALLING;
 110:Core/Src/main.c ****   GPIO_InitStruct.Pull = GPIO_NOPULL;
 111:Core/Src/main.c ****   HAL_GPIO_Init(B1_GPIO_Port, &GPIO_InitStruct);
 112:Core/Src/main.c **** 
 113:Core/Src/main.c ****   /*Configure GPIO pin : LD2_Pin */
 114:Core/Src/main.c ****   GPIO_InitStruct.Pin = LD2_Pin;
 115:Core/Src/main.c ****   GPIO_InitStruct.Mode = GPIO_MODE_OUTPUT_PP;
 116:Core/Src/main.c ****   GPIO_InitStruct.Pull = GPIO_NOPULL;
ARM GAS  /var/folders/cw/k6tfyvgd5zl5rgc2myn0jq5h0000gn/T//ccnZz4cC.s 			page 4


 117:Core/Src/main.c ****   GPIO_InitStruct.Speed = GPIO_SPEED_FREQ_LOW;
 118:Core/Src/main.c ****   HAL_GPIO_Init(LD2_GPIO_Port, &GPIO_InitStruct);
 119:Core/Src/main.c **** 
 120:Core/Src/main.c **** /* USER CODE BEGIN MX_GPIO_Init_2 */
 121:Core/Src/main.c **** /* USER CODE END MX_GPIO_Init_2 */
 122:Core/Src/main.c **** }
 123:Core/Src/main.c **** 
 124:Core/Src/main.c **** /* USER CODE BEGIN 4 */
 125:Core/Src/main.c **** 
 126:Core/Src/main.c **** /* USER CODE END 4 */
 127:Core/Src/main.c **** 
 128:Core/Src/main.c **** /**
 129:Core/Src/main.c ****   * @brief  This function is executed in case of error occurrence.
 130:Core/Src/main.c ****   * @retval None
 131:Core/Src/main.c ****   */
 132:Core/Src/main.c **** void Error_Handler(void)
 133:Core/Src/main.c **** {
  59              		.loc 1 133 1 view -0
  60              		.cfi_startproc
  61              		@ Volatile: function does not return.
  62              		@ args = 0, pretend = 0, frame = 0
  63              		@ frame_needed = 0, uses_anonymous_args = 0
  64              		@ link register save eliminated.
 134:Core/Src/main.c ****   /* USER CODE BEGIN Error_Handler_Debug */
 135:Core/Src/main.c ****   /* User can add his own implementation to report the HAL error return state */
 136:Core/Src/main.c ****   __disable_irq();
  65              		.loc 1 136 3 view .LVU6
  66              	.LBB4:
  67              	.LBI4:
  68              		.file 2 "Drivers/CMSIS/Include/cmsis_gcc.h"
   1:Drivers/CMSIS/Include/cmsis_gcc.h **** /**************************************************************************//**
   2:Drivers/CMSIS/Include/cmsis_gcc.h ****  * @file     cmsis_gcc.h
   3:Drivers/CMSIS/Include/cmsis_gcc.h ****  * @brief    CMSIS compiler GCC header file
   4:Drivers/CMSIS/Include/cmsis_gcc.h ****  * @version  V5.0.4
   5:Drivers/CMSIS/Include/cmsis_gcc.h ****  * @date     09. April 2018
   6:Drivers/CMSIS/Include/cmsis_gcc.h ****  ******************************************************************************/
   7:Drivers/CMSIS/Include/cmsis_gcc.h **** /*
   8:Drivers/CMSIS/Include/cmsis_gcc.h ****  * Copyright (c) 2009-2018 Arm Limited. All rights reserved.
   9:Drivers/CMSIS/Include/cmsis_gcc.h ****  *
  10:Drivers/CMSIS/Include/cmsis_gcc.h ****  * SPDX-License-Identifier: Apache-2.0
  11:Drivers/CMSIS/Include/cmsis_gcc.h ****  *
  12:Drivers/CMSIS/Include/cmsis_gcc.h ****  * Licensed under the Apache License, Version 2.0 (the License); you may
  13:Drivers/CMSIS/Include/cmsis_gcc.h ****  * not use this file except in compliance with the License.
  14:Drivers/CMSIS/Include/cmsis_gcc.h ****  * You may obtain a copy of the License at
  15:Drivers/CMSIS/Include/cmsis_gcc.h ****  *
  16:Drivers/CMSIS/Include/cmsis_gcc.h ****  * www.apache.org/licenses/LICENSE-2.0
  17:Drivers/CMSIS/Include/cmsis_gcc.h ****  *
  18:Drivers/CMSIS/Include/cmsis_gcc.h ****  * Unless required by applicable law or agreed to in writing, software
  19:Drivers/CMSIS/Include/cmsis_gcc.h ****  * distributed under the License is distributed on an AS IS BASIS, WITHOUT
  20:Drivers/CMSIS/Include/cmsis_gcc.h ****  * WARRANTIES OR CONDITIONS OF ANY KIND, either express or implied.
  21:Drivers/CMSIS/Include/cmsis_gcc.h ****  * See the License for the specific language governing permissions and
  22:Drivers/CMSIS/Include/cmsis_gcc.h ****  * limitations under the License.
  23:Drivers/CMSIS/Include/cmsis_gcc.h ****  */
  24:Drivers/CMSIS/Include/cmsis_gcc.h **** 
  25:Drivers/CMSIS/Include/cmsis_gcc.h **** #ifndef __CMSIS_GCC_H
  26:Drivers/CMSIS/Include/cmsis_gcc.h **** #define __CMSIS_GCC_H
  27:Drivers/CMSIS/Include/cmsis_gcc.h **** 
ARM GAS  /var/folders/cw/k6tfyvgd5zl5rgc2myn0jq5h0000gn/T//ccnZz4cC.s 			page 5


  28:Drivers/CMSIS/Include/cmsis_gcc.h **** /* ignore some GCC warnings */
  29:Drivers/CMSIS/Include/cmsis_gcc.h **** #pragma GCC diagnostic push
  30:Drivers/CMSIS/Include/cmsis_gcc.h **** #pragma GCC diagnostic ignored "-Wsign-conversion"
  31:Drivers/CMSIS/Include/cmsis_gcc.h **** #pragma GCC diagnostic ignored "-Wconversion"
  32:Drivers/CMSIS/Include/cmsis_gcc.h **** #pragma GCC diagnostic ignored "-Wunused-parameter"
  33:Drivers/CMSIS/Include/cmsis_gcc.h **** 
  34:Drivers/CMSIS/Include/cmsis_gcc.h **** /* Fallback for __has_builtin */
  35:Drivers/CMSIS/Include/cmsis_gcc.h **** #ifndef __has_builtin
  36:Drivers/CMSIS/Include/cmsis_gcc.h ****   #define __has_builtin(x) (0)
  37:Drivers/CMSIS/Include/cmsis_gcc.h **** #endif
  38:Drivers/CMSIS/Include/cmsis_gcc.h **** 
  39:Drivers/CMSIS/Include/cmsis_gcc.h **** /* CMSIS compiler specific defines */
  40:Drivers/CMSIS/Include/cmsis_gcc.h **** #ifndef   __ASM
  41:Drivers/CMSIS/Include/cmsis_gcc.h ****   #define __ASM                                  __asm
  42:Drivers/CMSIS/Include/cmsis_gcc.h **** #endif
  43:Drivers/CMSIS/Include/cmsis_gcc.h **** #ifndef   __INLINE
  44:Drivers/CMSIS/Include/cmsis_gcc.h ****   #define __INLINE                               inline
  45:Drivers/CMSIS/Include/cmsis_gcc.h **** #endif
  46:Drivers/CMSIS/Include/cmsis_gcc.h **** #ifndef   __STATIC_INLINE
  47:Drivers/CMSIS/Include/cmsis_gcc.h ****   #define __STATIC_INLINE                        static inline
  48:Drivers/CMSIS/Include/cmsis_gcc.h **** #endif
  49:Drivers/CMSIS/Include/cmsis_gcc.h **** #ifndef   __STATIC_FORCEINLINE                 
  50:Drivers/CMSIS/Include/cmsis_gcc.h ****   #define __STATIC_FORCEINLINE                   __attribute__((always_inline)) static inline
  51:Drivers/CMSIS/Include/cmsis_gcc.h **** #endif                                           
  52:Drivers/CMSIS/Include/cmsis_gcc.h **** #ifndef   __NO_RETURN
  53:Drivers/CMSIS/Include/cmsis_gcc.h ****   #define __NO_RETURN                            __attribute__((__noreturn__))
  54:Drivers/CMSIS/Include/cmsis_gcc.h **** #endif
  55:Drivers/CMSIS/Include/cmsis_gcc.h **** #ifndef   __USED
  56:Drivers/CMSIS/Include/cmsis_gcc.h ****   #define __USED                                 __attribute__((used))
  57:Drivers/CMSIS/Include/cmsis_gcc.h **** #endif
  58:Drivers/CMSIS/Include/cmsis_gcc.h **** #ifndef   __WEAK
  59:Drivers/CMSIS/Include/cmsis_gcc.h ****   #define __WEAK                                 __attribute__((weak))
  60:Drivers/CMSIS/Include/cmsis_gcc.h **** #endif
  61:Drivers/CMSIS/Include/cmsis_gcc.h **** #ifndef   __PACKED
  62:Drivers/CMSIS/Include/cmsis_gcc.h ****   #define __PACKED                               __attribute__((packed, aligned(1)))
  63:Drivers/CMSIS/Include/cmsis_gcc.h **** #endif
  64:Drivers/CMSIS/Include/cmsis_gcc.h **** #ifndef   __PACKED_STRUCT
  65:Drivers/CMSIS/Include/cmsis_gcc.h ****   #define __PACKED_STRUCT                        struct __attribute__((packed, aligned(1)))
  66:Drivers/CMSIS/Include/cmsis_gcc.h **** #endif
  67:Drivers/CMSIS/Include/cmsis_gcc.h **** #ifndef   __PACKED_UNION
  68:Drivers/CMSIS/Include/cmsis_gcc.h ****   #define __PACKED_UNION                         union __attribute__((packed, aligned(1)))
  69:Drivers/CMSIS/Include/cmsis_gcc.h **** #endif
  70:Drivers/CMSIS/Include/cmsis_gcc.h **** #ifndef   __UNALIGNED_UINT32        /* deprecated */
  71:Drivers/CMSIS/Include/cmsis_gcc.h ****   #pragma GCC diagnostic push
  72:Drivers/CMSIS/Include/cmsis_gcc.h ****   #pragma GCC diagnostic ignored "-Wpacked"
  73:Drivers/CMSIS/Include/cmsis_gcc.h ****   #pragma GCC diagnostic ignored "-Wattributes"
  74:Drivers/CMSIS/Include/cmsis_gcc.h ****   struct __attribute__((packed)) T_UINT32 { uint32_t v; };
  75:Drivers/CMSIS/Include/cmsis_gcc.h ****   #pragma GCC diagnostic pop
  76:Drivers/CMSIS/Include/cmsis_gcc.h ****   #define __UNALIGNED_UINT32(x)                  (((struct T_UINT32 *)(x))->v)
  77:Drivers/CMSIS/Include/cmsis_gcc.h **** #endif
  78:Drivers/CMSIS/Include/cmsis_gcc.h **** #ifndef   __UNALIGNED_UINT16_WRITE
  79:Drivers/CMSIS/Include/cmsis_gcc.h ****   #pragma GCC diagnostic push
  80:Drivers/CMSIS/Include/cmsis_gcc.h ****   #pragma GCC diagnostic ignored "-Wpacked"
  81:Drivers/CMSIS/Include/cmsis_gcc.h ****   #pragma GCC diagnostic ignored "-Wattributes"
  82:Drivers/CMSIS/Include/cmsis_gcc.h ****   __PACKED_STRUCT T_UINT16_WRITE { uint16_t v; };
  83:Drivers/CMSIS/Include/cmsis_gcc.h ****   #pragma GCC diagnostic pop
  84:Drivers/CMSIS/Include/cmsis_gcc.h ****   #define __UNALIGNED_UINT16_WRITE(addr, val)    (void)((((struct T_UINT16_WRITE *)(void *)(addr))-
ARM GAS  /var/folders/cw/k6tfyvgd5zl5rgc2myn0jq5h0000gn/T//ccnZz4cC.s 			page 6


  85:Drivers/CMSIS/Include/cmsis_gcc.h **** #endif
  86:Drivers/CMSIS/Include/cmsis_gcc.h **** #ifndef   __UNALIGNED_UINT16_READ
  87:Drivers/CMSIS/Include/cmsis_gcc.h ****   #pragma GCC diagnostic push
  88:Drivers/CMSIS/Include/cmsis_gcc.h ****   #pragma GCC diagnostic ignored "-Wpacked"
  89:Drivers/CMSIS/Include/cmsis_gcc.h ****   #pragma GCC diagnostic ignored "-Wattributes"
  90:Drivers/CMSIS/Include/cmsis_gcc.h ****   __PACKED_STRUCT T_UINT16_READ { uint16_t v; };
  91:Drivers/CMSIS/Include/cmsis_gcc.h ****   #pragma GCC diagnostic pop
  92:Drivers/CMSIS/Include/cmsis_gcc.h ****   #define __UNALIGNED_UINT16_READ(addr)          (((const struct T_UINT16_READ *)(const void *)(add
  93:Drivers/CMSIS/Include/cmsis_gcc.h **** #endif
  94:Drivers/CMSIS/Include/cmsis_gcc.h **** #ifndef   __UNALIGNED_UINT32_WRITE
  95:Drivers/CMSIS/Include/cmsis_gcc.h ****   #pragma GCC diagnostic push
  96:Drivers/CMSIS/Include/cmsis_gcc.h ****   #pragma GCC diagnostic ignored "-Wpacked"
  97:Drivers/CMSIS/Include/cmsis_gcc.h ****   #pragma GCC diagnostic ignored "-Wattributes"
  98:Drivers/CMSIS/Include/cmsis_gcc.h ****   __PACKED_STRUCT T_UINT32_WRITE { uint32_t v; };
  99:Drivers/CMSIS/Include/cmsis_gcc.h ****   #pragma GCC diagnostic pop
 100:Drivers/CMSIS/Include/cmsis_gcc.h ****   #define __UNALIGNED_UINT32_WRITE(addr, val)    (void)((((struct T_UINT32_WRITE *)(void *)(addr))-
 101:Drivers/CMSIS/Include/cmsis_gcc.h **** #endif
 102:Drivers/CMSIS/Include/cmsis_gcc.h **** #ifndef   __UNALIGNED_UINT32_READ
 103:Drivers/CMSIS/Include/cmsis_gcc.h ****   #pragma GCC diagnostic push
 104:Drivers/CMSIS/Include/cmsis_gcc.h ****   #pragma GCC diagnostic ignored "-Wpacked"
 105:Drivers/CMSIS/Include/cmsis_gcc.h ****   #pragma GCC diagnostic ignored "-Wattributes"
 106:Drivers/CMSIS/Include/cmsis_gcc.h ****   __PACKED_STRUCT T_UINT32_READ { uint32_t v; };
 107:Drivers/CMSIS/Include/cmsis_gcc.h ****   #pragma GCC diagnostic pop
 108:Drivers/CMSIS/Include/cmsis_gcc.h ****   #define __UNALIGNED_UINT32_READ(addr)          (((const struct T_UINT32_READ *)(const void *)(add
 109:Drivers/CMSIS/Include/cmsis_gcc.h **** #endif
 110:Drivers/CMSIS/Include/cmsis_gcc.h **** #ifndef   __ALIGNED
 111:Drivers/CMSIS/Include/cmsis_gcc.h ****   #define __ALIGNED(x)                           __attribute__((aligned(x)))
 112:Drivers/CMSIS/Include/cmsis_gcc.h **** #endif
 113:Drivers/CMSIS/Include/cmsis_gcc.h **** #ifndef   __RESTRICT
 114:Drivers/CMSIS/Include/cmsis_gcc.h ****   #define __RESTRICT                             __restrict
 115:Drivers/CMSIS/Include/cmsis_gcc.h **** #endif
 116:Drivers/CMSIS/Include/cmsis_gcc.h **** 
 117:Drivers/CMSIS/Include/cmsis_gcc.h **** 
 118:Drivers/CMSIS/Include/cmsis_gcc.h **** /* ###########################  Core Function Access  ########################### */
 119:Drivers/CMSIS/Include/cmsis_gcc.h **** /** \ingroup  CMSIS_Core_FunctionInterface
 120:Drivers/CMSIS/Include/cmsis_gcc.h ****     \defgroup CMSIS_Core_RegAccFunctions CMSIS Core Register Access Functions
 121:Drivers/CMSIS/Include/cmsis_gcc.h ****   @{
 122:Drivers/CMSIS/Include/cmsis_gcc.h ****  */
 123:Drivers/CMSIS/Include/cmsis_gcc.h **** 
 124:Drivers/CMSIS/Include/cmsis_gcc.h **** /**
 125:Drivers/CMSIS/Include/cmsis_gcc.h ****   \brief   Enable IRQ Interrupts
 126:Drivers/CMSIS/Include/cmsis_gcc.h ****   \details Enables IRQ interrupts by clearing the I-bit in the CPSR.
 127:Drivers/CMSIS/Include/cmsis_gcc.h ****            Can only be executed in Privileged modes.
 128:Drivers/CMSIS/Include/cmsis_gcc.h ****  */
 129:Drivers/CMSIS/Include/cmsis_gcc.h **** __STATIC_FORCEINLINE void __enable_irq(void)
 130:Drivers/CMSIS/Include/cmsis_gcc.h **** {
 131:Drivers/CMSIS/Include/cmsis_gcc.h ****   __ASM volatile ("cpsie i" : : : "memory");
 132:Drivers/CMSIS/Include/cmsis_gcc.h **** }
 133:Drivers/CMSIS/Include/cmsis_gcc.h **** 
 134:Drivers/CMSIS/Include/cmsis_gcc.h **** 
 135:Drivers/CMSIS/Include/cmsis_gcc.h **** /**
 136:Drivers/CMSIS/Include/cmsis_gcc.h ****   \brief   Disable IRQ Interrupts
 137:Drivers/CMSIS/Include/cmsis_gcc.h ****   \details Disables IRQ interrupts by setting the I-bit in the CPSR.
 138:Drivers/CMSIS/Include/cmsis_gcc.h ****            Can only be executed in Privileged modes.
 139:Drivers/CMSIS/Include/cmsis_gcc.h ****  */
 140:Drivers/CMSIS/Include/cmsis_gcc.h **** __STATIC_FORCEINLINE void __disable_irq(void)
  69              		.loc 2 140 27 view .LVU7
ARM GAS  /var/folders/cw/k6tfyvgd5zl5rgc2myn0jq5h0000gn/T//ccnZz4cC.s 			page 7


  70              	.LBB5:
 141:Drivers/CMSIS/Include/cmsis_gcc.h **** {
 142:Drivers/CMSIS/Include/cmsis_gcc.h ****   __ASM volatile ("cpsid i" : : : "memory");
  71              		.loc 2 142 3 view .LVU8
  72              		.syntax unified
  73              	@ 142 "Drivers/CMSIS/Include/cmsis_gcc.h" 1
  74 0000 72B6     		cpsid i
  75              	@ 0 "" 2
  76              		.thumb
  77              		.syntax unified
  78              	.L5:
  79              	.LBE5:
  80              	.LBE4:
 137:Core/Src/main.c ****   while (1)
  81              		.loc 1 137 3 view .LVU9
 138:Core/Src/main.c ****   {
 139:Core/Src/main.c ****   }
  82              		.loc 1 139 3 view .LVU10
 137:Core/Src/main.c ****   while (1)
  83              		.loc 1 137 9 view .LVU11
  84 0002 FEE7     		b	.L5
  85              		.cfi_endproc
  86              	.LFE133:
  88              		.text
  89              	.Letext0:
  90              		.file 3 "Drivers/STM32F4xx_HAL_Driver/Inc/stm32f4xx_hal_def.h"
  91              		.file 4 "Drivers/STM32F4xx_HAL_Driver/Inc/stm32f4xx_hal.h"
ARM GAS  /var/folders/cw/k6tfyvgd5zl5rgc2myn0jq5h0000gn/T//ccnZz4cC.s 			page 8


DEFINED SYMBOLS
                            *ABS*:00000000 main.c
/var/folders/cw/k6tfyvgd5zl5rgc2myn0jq5h0000gn/T//ccnZz4cC.s:21     .text.main:00000000 $t
/var/folders/cw/k6tfyvgd5zl5rgc2myn0jq5h0000gn/T//ccnZz4cC.s:27     .text.main:00000000 main
/var/folders/cw/k6tfyvgd5zl5rgc2myn0jq5h0000gn/T//ccnZz4cC.s:51     .text.Error_Handler:00000000 $t
/var/folders/cw/k6tfyvgd5zl5rgc2myn0jq5h0000gn/T//ccnZz4cC.s:57     .text.Error_Handler:00000000 Error_Handler

UNDEFINED SYMBOLS
HAL_Init
